<?xml version="1.0" encoding="UTF-8"?>
<!-- Generated by org.testng.reporters.JUnitReportReporter -->
<testsuite skipped="0" hostname="surface-pro" name="Gitpackage.GitDemo" tests="1" failures="0" timestamp="25 Jul 2019 06:32:22 GMT" time="0.007" errors="0">
  <testcase name="test" time="0.007" classname="Gitpackage.GitDemo"/>
</testsuite> <!-- Gitpackage.GitDemo -->
